<?xml version="1.0" encoding="UTF-8"?>
<testsuite name="PhoneBookTest" tests="1" skipped="0" failures="0" errors="0" timestamp="2020-03-29T09:30:41" hostname="Principals-MBP" time="17.528">
  <properties/>
  <testcase name="start" classname="PhoneBookTest" time="17.528"/>
  <system-out><![CDATA[?[1;31m
Start test 1?[0m
Start searching...
Found 500 / 500 entries. Time taken: 0 min. 6 sec. 783 ms.
?[1;31m
Start test 2?[0m
Start searching...
Found 472 / 500 entries. Time taken: 0 min. 5 sec. 740 ms.
]]></system-out>
  <system-err><![CDATA[]]></system-err>
</testsuite>
