<?xml version="1.0" encoding="UTF-8"?>
<testsuite name="PhoneBookTest" tests="1" skipped="0" failures="0" errors="0" timestamp="2020-04-04T05:41:21" hostname="Principals-MBP" time="75.382">
  <properties/>
  <testcase name="start" classname="PhoneBookTest" time="75.382"/>
  <system-out><![CDATA[?[1;31m
Start test 1?[0m
Start searching (linear search)...
Found 500 / 500 entries. Time taken: 0 min. 5 sec. 937 ms.

Start searching (bubble sort + jump search)...
Found 500 / 500 entries. Time taken: 1 min. 6 sec. 38 ms.
Sorting time: 0 min. 59 sec. 876 ms. - STOPPED, moved to linear search
Searching time: 0 min. 6 sec. 162 ms.

Start searching (quick sort + binary search)...
Found 500 / 500 entries. Time taken: 0 min. 1 sec. 847 ms.
Sorting time: 0 min. 1 sec. 841 ms.
Searching time: 0 min. 0 sec. 6 ms.

Start searching (hash table)...
Found 500 / 500 entries. Time taken: 0 min. 0 sec. 748 ms.
Creating time: 0 min. 0 sec. 748 ms.
Searching time: 0 min. 0 sec. 0 ms.
]]></system-out>
  <system-err><![CDATA[]]></system-err>
</testsuite>
